------------------------------------------------------------------
2025-06-04 22:50:32
Message:no non-static method "Landroid/content/res/Configuration;.isNightModeActive()Z"
StackTrace:   at Java.Interop.JniEnvironment.InstanceMethods.GetMethodID(JniObjectReference , String , String )
   at Java.Interop.JniType.GetInstanceMethod(String , String )
   at Java.Interop.JniPeerMembers.JniInstanceMethods.GetMethodInfo(String , String )
   at Java.Interop.JniPeerMembers.JniInstanceMethods.GetMethodInfo(String )
   at Java.Interop.JniPeerMembers.JniInstanceMethods.InvokeAbstractBooleanMethod(String , IJavaPeerable , JniArgumentValue* )
   at Android.Content.Res.Configuration.get_IsNightModeActive()
   at PangIme.Maui.InputService.OnConfigurationChanged(Configuration newConfig)
   at Android.App.Service.n_OnConfigurationChanged_Landroid_content_res_Configuration_(IntPtr jnienv, IntPtr native__this, IntPtr native_newConfig)
   at Android.Runtime.JNINativeWrapper.Wrap_JniMarshal_PPL_V(_JniMarshal_PPL_V callback, IntPtr jnienv, IntPtr klazz, IntPtr p0)
  --- End of managed Java.Lang.LinkageError stack trace ---
java.lang.NoSuchMethodError: no non-static method "Landroid/content/res/Configuration;.isNightModeActive()Z"
	at PangIME.Android.InputService.n_onConfigurationChanged(Native Method)
	at PangIME.Android.InputService.onConfigurationChanged(InputService.java:98)
	at android.app.ActivityThread.performConfigurationChanged(ActivityThread.java:6416)
	at android.app.ActivityThread.handleConfigurationChanged(ActivityThread.java:6649)
	at android.app.ActivityThread.handleConfigurationChanged(ActivityThread.java:6555)
	at android.app.servertransaction.ConfigurationChangeItem.execute(ConfigurationChangeItem.java:42)
	at android.app.servertransaction.TransactionExecutor.executeCallbacks(TransactionExecutor.java:149)
	at android.app.servertransaction.TransactionExecutor.execute(TransactionExecutor.java:103)
	at android.app.ActivityThread$H.handleMessage(ActivityThread.java:2618)
	at android.os.Handler.dispatchMessage(Handler.java:110)
	at android.os.Looper.loop(Looper.java:219)
	at android.app.ActivityThread.main(ActivityThread.java:8673)
	at java.lang.reflect.Method.invoke(Native Method)
	at com.android.internal.os.RuntimeInit$MethodAndArgsCaller.run(RuntimeInit.java:513)
	at com.android.internal.os.ZygoteInit.main(ZygoteInit.java:1109)

------------------------------------------------------------------
------------------------------------------------------------------
2025-06-04 22:50:35
Message:no non-static method "Landroid/content/res/Configuration;.isNightModeActive()Z"
StackTrace:   at Java.Interop.JniEnvironment.InstanceMethods.GetMethodID(JniObjectReference , String , String )
   at Java.Interop.JniType.GetInstanceMethod(String , String )
   at Java.Interop.JniPeerMembers.JniInstanceMethods.GetMethodInfo(String , String )
   at Java.Interop.JniPeerMembers.JniInstanceMethods.GetMethodInfo(String )
   at Java.Interop.JniPeerMembers.JniInstanceMethods.InvokeAbstractBooleanMethod(String , IJavaPeerable , JniArgumentValue* )
   at Android.Content.Res.Configuration.get_IsNightModeActive()
   at PangIme.Maui.InputService.OnConfigurationChanged(Configuration newConfig)
   at Android.App.Service.n_OnConfigurationChanged_Landroid_content_res_Configuration_(IntPtr jnienv, IntPtr native__this, IntPtr native_newConfig)
   at Android.Runtime.JNINativeWrapper.Wrap_JniMarshal_PPL_V(_JniMarshal_PPL_V callback, IntPtr jnienv, IntPtr klazz, IntPtr p0)
  --- End of managed Java.Lang.LinkageError stack trace ---
java.lang.NoSuchMethodError: no non-static method "Landroid/content/res/Configuration;.isNightModeActive()Z"
	at PangIME.Android.InputService.n_onConfigurationChanged(Native Method)
	at PangIME.Android.InputService.onConfigurationChanged(InputService.java:98)
	at android.app.ActivityThread.performConfigurationChanged(ActivityThread.java:6416)
	at android.app.ActivityThread.handleConfigurationChanged(ActivityThread.java:6649)
	at android.app.ActivityThread.handleConfigurationChanged(ActivityThread.java:6555)
	at android.app.servertransaction.ConfigurationChangeItem.execute(ConfigurationChangeItem.java:42)
	at android.app.servertransaction.TransactionExecutor.executeCallbacks(TransactionExecutor.java:149)
	at android.app.servertransaction.TransactionExecutor.execute(TransactionExecutor.java:103)
	at android.app.ActivityThread$H.handleMessage(ActivityThread.java:2618)
	at android.os.Handler.dispatchMessage(Handler.java:110)
	at android.os.Looper.loop(Looper.java:219)
	at android.app.ActivityThread.main(ActivityThread.java:8673)
	at java.lang.reflect.Method.invoke(Native Method)
	at com.android.internal.os.RuntimeInit$MethodAndArgsCaller.run(RuntimeInit.java:513)
	at com.android.internal.os.ZygoteInit.main(ZygoteInit.java:1109)

------------------------------------------------------------------
------------------------------------------------------------------
2025-06-04 23:44:48
Message:no non-static method "Landroid/content/res/Configuration;.isNightModeActive()Z"
StackTrace:   at Java.Interop.JniEnvironment.InstanceMethods.GetMethodID(JniObjectReference , String , String )
   at Java.Interop.JniType.GetInstanceMethod(String , String )
   at Java.Interop.JniPeerMembers.JniInstanceMethods.GetMethodInfo(String , String )
   at Java.Interop.JniPeerMembers.JniInstanceMethods.GetMethodInfo(String )
   at Java.Interop.JniPeerMembers.JniInstanceMethods.InvokeAbstractBooleanMethod(String , IJavaPeerable , JniArgumentValue* )
   at Android.Content.Res.Configuration.get_IsNightModeActive()
   at PangIme.Maui.InputService.OnConfigurationChanged(Configuration newConfig)
   at Android.App.Service.n_OnConfigurationChanged_Landroid_content_res_Configuration_(IntPtr jnienv, IntPtr native__this, IntPtr native_newConfig)
   at Android.Runtime.JNINativeWrapper.Wrap_JniMarshal_PPL_V(_JniMarshal_PPL_V callback, IntPtr jnienv, IntPtr klazz, IntPtr p0)
  --- End of managed Java.Lang.LinkageError stack trace ---
java.lang.NoSuchMethodError: no non-static method "Landroid/content/res/Configuration;.isNightModeActive()Z"
	at PangIME.Android.InputService.n_onConfigurationChanged(Native Method)
	at PangIME.Android.InputService.onConfigurationChanged(InputService.java:98)
	at android.app.ActivityThread.performConfigurationChanged(ActivityThread.java:6416)
	at android.app.ActivityThread.handleConfigurationChanged(ActivityThread.java:6649)
	at android.app.ActivityThread.handleConfigurationChanged(ActivityThread.java:6555)
	at android.app.servertransaction.ConfigurationChangeItem.execute(ConfigurationChangeItem.java:42)
	at android.app.servertransaction.TransactionExecutor.executeCallbacks(TransactionExecutor.java:149)
	at android.app.servertransaction.TransactionExecutor.execute(TransactionExecutor.java:103)
	at android.app.ActivityThread$H.handleMessage(ActivityThread.java:2618)
	at android.os.Handler.dispatchMessage(Handler.java:110)
	at android.os.Looper.loop(Looper.java:219)
	at android.app.ActivityThread.main(ActivityThread.java:8673)
	at java.lang.reflect.Method.invoke(Native Method)
	at com.android.internal.os.RuntimeInit$MethodAndArgsCaller.run(RuntimeInit.java:513)
	at com.android.internal.os.ZygoteInit.main(ZygoteInit.java:1109)

------------------------------------------------------------------
------------------------------------------------------------------
2025-06-04 23:44:53
Message:no non-static method "Landroid/content/res/Configuration;.isNightModeActive()Z"
StackTrace:   at Java.Interop.JniEnvironment.InstanceMethods.GetMethodID(JniObjectReference , String , String )
   at Java.Interop.JniType.GetInstanceMethod(String , String )
   at Java.Interop.JniPeerMembers.JniInstanceMethods.GetMethodInfo(String , String )
   at Java.Interop.JniPeerMembers.JniInstanceMethods.GetMethodInfo(String )
   at Java.Interop.JniPeerMembers.JniInstanceMethods.InvokeAbstractBooleanMethod(String , IJavaPeerable , JniArgumentValue* )
   at Android.Content.Res.Configuration.get_IsNightModeActive()
   at PangIme.Maui.InputService.OnConfigurationChanged(Configuration newConfig)
   at Android.App.Service.n_OnConfigurationChanged_Landroid_content_res_Configuration_(IntPtr jnienv, IntPtr native__this, IntPtr native_newConfig)
   at Android.Runtime.JNINativeWrapper.Wrap_JniMarshal_PPL_V(_JniMarshal_PPL_V callback, IntPtr jnienv, IntPtr klazz, IntPtr p0)
  --- End of managed Java.Lang.LinkageError stack trace ---
java.lang.NoSuchMethodError: no non-static method "Landroid/content/res/Configuration;.isNightModeActive()Z"
	at PangIME.Android.InputService.n_onConfigurationChanged(Native Method)
	at PangIME.Android.InputService.onConfigurationChanged(InputService.java:98)
	at android.app.ActivityThread.performConfigurationChanged(ActivityThread.java:6416)
	at android.app.ActivityThread.handleConfigurationChanged(ActivityThread.java:6649)
	at android.app.ActivityThread.handleConfigurationChanged(ActivityThread.java:6555)
	at android.app.servertransaction.ConfigurationChangeItem.execute(ConfigurationChangeItem.java:42)
	at android.app.servertransaction.TransactionExecutor.executeCallbacks(TransactionExecutor.java:149)
	at android.app.servertransaction.TransactionExecutor.execute(TransactionExecutor.java:103)
	at android.app.ActivityThread$H.handleMessage(ActivityThread.java:2618)
	at android.os.Handler.dispatchMessage(Handler.java:110)
	at android.os.Looper.loop(Looper.java:219)
	at android.app.ActivityThread.main(ActivityThread.java:8673)
	at java.lang.reflect.Method.invoke(Native Method)
	at com.android.internal.os.RuntimeInit$MethodAndArgsCaller.run(RuntimeInit.java:513)
	at com.android.internal.os.ZygoteInit.main(ZygoteInit.java:1109)

------------------------------------------------------------------
------------------------------------------------------------------
2025-06-05 14:58:35
Message:For input string: "tm_color"
StackTrace:   at Java.Interop.JniEnvironment.StaticMethods.CallStaticIntMethod(JniObjectReference , JniMethodInfo , JniArgumentValue* )
   at Java.Interop.JniPeerMembers.JniStaticMethods.InvokeInt32Method(String , JniArgumentValue* )
   at Android.Graphics.ColorObject.ParseColor(String )
   at Android.Graphics.Color.ParseColor(String )
   at PangIme.ClassExtensions.RgbStringToColor(String color)
   at PangIme.ClassExtensions.RgbStringToColors(String color, Boolean candiColor, Boolean copyColor)
   at PangIme.Maui.Common.KeyboardLoader.ReadColorDefine()
   at PangIme.Maui.Common.KeyboardLoader.LoadKeyboards(Context context, String keyboardFileName, Boolean forceLoad)
   at PangIme.Maui.KeyBoardCustomView.<>c__DisplayClass87_0.<InitKeyboard>b__3(Object sender, ItemClickEventArgs args)
   at Android.Widget.AdapterView.IOnItemClickListenerImplementor.OnItemClick(AdapterView , View , Int32 , Int64 )
   at Android.Widget.AdapterView.IOnItemClickListenerInvoker.n_OnItemClick_Landroid_widget_AdapterView_Landroid_view_View_IJ(IntPtr jnienv, IntPtr native__this, IntPtr native_parent, IntPtr native_view, Int32 position, Int64 id)
   at Android.Runtime.DynamicMethodNameCounter.2(IntPtr , IntPtr , IntPtr , IntPtr , Int32 , Int64 )
  --- End of managed Java.Lang.IllegalArgumentException stack trace ---
java.lang.NumberFormatException: For input string: "tm_color"
	at java.lang.Long.parseLong(Long.java:594)
	at android.graphics.Color.parseColor(Color.java:1386)
	at mono.android.widget.AdapterView_OnItemClickListenerImplementor.n_onItemClick(Native Method)
	at mono.android.widget.AdapterView_OnItemClickListenerImplementor.onItemClick(AdapterView_OnItemClickListenerImplementor.java:29)
	at android.widget.AdapterView.performItemClick(AdapterView.java:330)
	at android.widget.AbsListView.performItemClick(AbsListView.java:1397)
	at android.widget.AbsListView$PerformClick.run(AbsListView.java:3494)
	at android.widget.AbsListView$5.run(AbsListView.java:4543)
	at android.os.Handler.handleCallback(Handler.java:900)
	at android.os.Handler.dispatchMessage(Handler.java:103)
	at android.os.Looper.loop(Looper.java:219)
	at android.app.ActivityThread.main(ActivityThread.java:8673)
	at java.lang.reflect.Method.invoke(Native Method)
	at com.android.internal.os.RuntimeInit$MethodAndArgsCaller.run(RuntimeInit.java:513)
	at com.android.internal.os.ZygoteInit.main(ZygoteInit.java:1109)

------------------------------------------------------------------
------------------------------------------------------------------
2025-06-05 14:58:41
Message:ArgumentOutOfRange_IndexMustBeLess Arg_ParamName_Name, index
StackTrace:   at System.Collections.Generic.List`1[[System.Int32, System.Private.CoreLib, Version=9.0.0.0, Culture=neutral, PublicKeyToken=7cec85d7bea7798e]].get_Item(Int32 index)
   at PangIme.Maui.InputService.OnStartInputView(EditorInfo info, Boolean restarting)
   at Android.InputMethodServices.InputMethodService.n_OnStartInputView_Landroid_view_inputmethod_EditorInfo_Z(IntPtr jnienv, IntPtr native__this, IntPtr native_editorInfo, Boolean restarting)
   at Android.Runtime.JNINativeWrapper.Wrap_JniMarshal_PPLZ_V(_JniMarshal_PPLZ_V callback, IntPtr jnienv, IntPtr klazz, IntPtr p0, Boolean p1)
------------------------------------------------------------------
------------------------------------------------------------------
2025-06-05 14:58:51
Message:ArgumentOutOfRange_IndexMustBeLess Arg_ParamName_Name, index
StackTrace:   at System.Collections.Generic.List`1[[PangIme.Maui.Common.CustomKeyboard, PangIme.Maui, Version=24.11.15.1721, Culture=neutral, PublicKeyToken=null]].get_Item(Int32 index)
   at PangIme.Maui.CustomButtonView.OnTouchEvent(MotionEvent e)
   at Android.Views.View.n_OnTouchEvent_Landroid_view_MotionEvent_(IntPtr jnienv, IntPtr native__this, IntPtr native_e)
   at Android.Runtime.JNINativeWrapper.Wrap_JniMarshal_PPL_Z(_JniMarshal_PPL_Z callback, IntPtr jnienv, IntPtr klazz, IntPtr p0)
------------------------------------------------------------------
------------------------------------------------------------------
2025-06-05 14:58:53
Message:ArgumentOutOfRange_IndexMustBeLess Arg_ParamName_Name, index
StackTrace:   at System.Collections.Generic.List`1[[PangIme.Maui.Common.CustomKeyboard, PangIme.Maui, Version=24.11.15.1721, Culture=neutral, PublicKeyToken=null]].get_Item(Int32 index)
   at PangIme.Maui.CustomButtonView.OnTouchEvent(MotionEvent e)
   at Android.Views.View.n_OnTouchEvent_Landroid_view_MotionEvent_(IntPtr jnienv, IntPtr native__this, IntPtr native_e)
   at Android.Runtime.JNINativeWrapper.Wrap_JniMarshal_PPL_Z(_JniMarshal_PPL_Z callback, IntPtr jnienv, IntPtr klazz, IntPtr p0)
------------------------------------------------------------------
------------------------------------------------------------------
2025-06-05 14:58:55
Message:ArgumentOutOfRange_IndexMustBeLess Arg_ParamName_Name, index
StackTrace:   at System.Collections.Generic.List`1[[PangIme.Maui.Common.CustomKeyboard, PangIme.Maui, Version=24.11.15.1721, Culture=neutral, PublicKeyToken=null]].get_Item(Int32 index)
   at PangIme.Maui.CustomButtonView.OnTouchEvent(MotionEvent e)
   at Android.Views.View.n_OnTouchEvent_Landroid_view_MotionEvent_(IntPtr jnienv, IntPtr native__this, IntPtr native_e)
   at Android.Runtime.JNINativeWrapper.Wrap_JniMarshal_PPL_Z(_JniMarshal_PPL_Z callback, IntPtr jnienv, IntPtr klazz, IntPtr p0)
------------------------------------------------------------------
------------------------------------------------------------------
2025-06-05 14:58:57
Message:ArgumentOutOfRange_IndexMustBeLess Arg_ParamName_Name, index
StackTrace:   at System.Collections.Generic.List`1[[PangIme.Maui.Common.CustomKeyboard, PangIme.Maui, Version=24.11.15.1721, Culture=neutral, PublicKeyToken=null]].get_Item(Int32 index)
   at PangIme.Maui.CustomButtonView.OnTouchEvent(MotionEvent e)
   at Android.Views.View.n_OnTouchEvent_Landroid_view_MotionEvent_(IntPtr jnienv, IntPtr native__this, IntPtr native_e)
   at Android.Runtime.JNINativeWrapper.Wrap_JniMarshal_PPL_Z(_JniMarshal_PPL_Z callback, IntPtr jnienv, IntPtr klazz, IntPtr p0)
------------------------------------------------------------------
------------------------------------------------------------------
2025-06-05 14:58:59
Message:ArgumentOutOfRange_IndexMustBeLess Arg_ParamName_Name, index
StackTrace:   at System.Collections.Generic.List`1[[PangIme.Maui.Common.CustomKeyboard, PangIme.Maui, Version=24.11.15.1721, Culture=neutral, PublicKeyToken=null]].get_Item(Int32 index)
   at PangIme.Maui.CustomButtonView.OnTouchEvent(MotionEvent e)
   at Android.Views.View.n_OnTouchEvent_Landroid_view_MotionEvent_(IntPtr jnienv, IntPtr native__this, IntPtr native_e)
   at Android.Runtime.JNINativeWrapper.Wrap_JniMarshal_PPL_Z(_JniMarshal_PPL_Z callback, IntPtr jnienv, IntPtr klazz, IntPtr p0)
------------------------------------------------------------------
------------------------------------------------------------------
2025-06-05 14:59:01
Message:ArgumentOutOfRange_IndexMustBeLess Arg_ParamName_Name, index
StackTrace:   at System.Collections.Generic.List`1[[PangIme.Maui.Common.CustomKeyboard, PangIme.Maui, Version=24.11.15.1721, Culture=neutral, PublicKeyToken=null]].get_Item(Int32 index)
   at PangIme.Maui.CustomButtonView.OnTouchEvent(MotionEvent e)
   at Android.Views.View.n_OnTouchEvent_Landroid_view_MotionEvent_(IntPtr jnienv, IntPtr native__this, IntPtr native_e)
   at Android.Runtime.JNINativeWrapper.Wrap_JniMarshal_PPL_Z(_JniMarshal_PPL_Z callback, IntPtr jnienv, IntPtr klazz, IntPtr p0)
------------------------------------------------------------------
------------------------------------------------------------------
2025-06-05 14:59:03
Message:ArgumentOutOfRange_IndexMustBeLess Arg_ParamName_Name, index
StackTrace:   at System.Collections.Generic.List`1[[PangIme.Maui.Common.CustomKeyboard, PangIme.Maui, Version=24.11.15.1721, Culture=neutral, PublicKeyToken=null]].get_Item(Int32 index)
   at PangIme.Maui.CustomButtonView.OnTouchEvent(MotionEvent e)
   at Android.Views.View.n_OnTouchEvent_Landroid_view_MotionEvent_(IntPtr jnienv, IntPtr native__this, IntPtr native_e)
   at Android.Runtime.JNINativeWrapper.Wrap_JniMarshal_PPL_Z(_JniMarshal_PPL_Z callback, IntPtr jnienv, IntPtr klazz, IntPtr p0)
------------------------------------------------------------------
------------------------------------------------------------------
2025-06-05 14:59:05
Message:ArgumentOutOfRange_IndexMustBeLess Arg_ParamName_Name, index
StackTrace:   at System.Collections.Generic.List`1[[System.Int32, System.Private.CoreLib, Version=9.0.0.0, Culture=neutral, PublicKeyToken=7cec85d7bea7798e]].get_Item(Int32 index)
   at PangIme.Maui.InputService.OnStartInputView(EditorInfo info, Boolean restarting)
   at Android.InputMethodServices.InputMethodService.n_OnStartInputView_Landroid_view_inputmethod_EditorInfo_Z(IntPtr jnienv, IntPtr native__this, IntPtr native_editorInfo, Boolean restarting)
   at Android.Runtime.JNINativeWrapper.Wrap_JniMarshal_PPLZ_V(_JniMarshal_PPLZ_V callback, IntPtr jnienv, IntPtr klazz, IntPtr p0, Boolean p1)
------------------------------------------------------------------
------------------------------------------------------------------
2025-06-05 14:59:22
Message:ArgumentOutOfRange_IndexMustBeLess Arg_ParamName_Name, index
StackTrace:   at System.Collections.Generic.List`1[[System.Int32, System.Private.CoreLib, Version=9.0.0.0, Culture=neutral, PublicKeyToken=7cec85d7bea7798e]].get_Item(Int32 index)
   at PangIme.Maui.InputService.OnStartInputView(EditorInfo info, Boolean restarting)
   at Android.InputMethodServices.InputMethodService.n_OnStartInputView_Landroid_view_inputmethod_EditorInfo_Z(IntPtr jnienv, IntPtr native__this, IntPtr native_editorInfo, Boolean restarting)
   at Android.Runtime.JNINativeWrapper.Wrap_JniMarshal_PPLZ_V(_JniMarshal_PPLZ_V callback, IntPtr jnienv, IntPtr klazz, IntPtr p0, Boolean p1)
------------------------------------------------------------------
------------------------------------------------------------------
2025-06-05 14:59:44
Message:ArgumentOutOfRange_IndexMustBeLess Arg_ParamName_Name, index
StackTrace:   at System.Collections.Generic.List`1[[PangIme.Maui.Common.CustomKeyboard, PangIme.Maui, Version=24.11.15.1721, Culture=neutral, PublicKeyToken=null]].get_Item(Int32 index)
   at PangIme.Maui.FloatCandiView.CreateHostView(Context context, InputService service)
   at PangIme.Maui.FloatCandiView..ctor(Context context, InputService service)
   at PangIme.Maui.InputService.CreateInputView()
   at PangIme.Maui.InputService.OnCreateInputView()
   at Android.InputMethodServices.InputMethodService.n_OnCreateInputView(IntPtr jnienv, IntPtr native__this)
   at Android.Runtime.DynamicMethodNameCounter.7(IntPtr , IntPtr )
------------------------------------------------------------------
------------------------------------------------------------------
2025-06-05 14:59:46
Message:ArgumentOutOfRange_IndexMustBeLess Arg_ParamName_Name, index
StackTrace:   at System.Collections.Generic.List`1[[System.Int32, System.Private.CoreLib, Version=9.0.0.0, Culture=neutral, PublicKeyToken=7cec85d7bea7798e]].get_Item(Int32 index)
   at PangIme.Maui.InputService.OnStartInputView(EditorInfo info, Boolean restarting)
   at Android.InputMethodServices.InputMethodService.n_OnStartInputView_Landroid_view_inputmethod_EditorInfo_Z(IntPtr jnienv, IntPtr native__this, IntPtr native_editorInfo, Boolean restarting)
   at Android.Runtime.JNINativeWrapper.Wrap_JniMarshal_PPLZ_V(_JniMarshal_PPLZ_V callback, IntPtr jnienv, IntPtr klazz, IntPtr p0, Boolean p1)
------------------------------------------------------------------
------------------------------------------------------------------
2025-06-05 14:59:55
Message:This window is already associated with an active Activity (PangIme.Maui.MainActivity). Please override CreateWindow on PangIme.Maui.App to add support for multiple activities https://aka.ms/maui-docs-create-window or set the LaunchMode to SingleTop on PangIme.Maui.MainActivity.
StackTrace:   at Microsoft.Maui.Platform.ApplicationExtensions.CreatePlatformWindow(Activity activity, IApplication application, Bundle savedInstanceState)
   at Microsoft.Maui.MauiAppCompatActivity.OnCreate(Bundle savedInstanceState)
   at PangIme.Maui.MainActivity.OnCreate(Bundle savedInstanceState)
   at Android.App.Activity.n_OnCreate_Landroid_os_Bundle_(IntPtr jnienv, IntPtr native__this, IntPtr native_savedInstanceState)
   at Android.Runtime.JNINativeWrapper.Wrap_JniMarshal_PPL_V(_JniMarshal_PPL_V callback, IntPtr jnienv, IntPtr klazz, IntPtr p0)
------------------------------------------------------------------
------------------------------------------------------------------
2025-06-05 15:02:39
Message:For input string: "cctm_color"
StackTrace:   at Java.Interop.JniEnvironment.StaticMethods.CallStaticIntMethod(JniObjectReference , JniMethodInfo , JniArgumentValue* )
   at Java.Interop.JniPeerMembers.JniStaticMethods.InvokeInt32Method(String , JniArgumentValue* )
   at Android.Graphics.ColorObject.ParseColor(String )
   at Android.Graphics.Color.ParseColor(String )
   at PangIme.ClassExtensions.RgbStringToColor(String color)
   at PangIme.ClassExtensions.RgbStringToColors(String color, Boolean candiColor, Boolean copyColor)
   at PangIme.Maui.Common.KeyboardLoader.ReadColorDefine()
   at PangIme.Maui.Common.KeyboardLoader.LoadKeyboards(Context context, String keyboardFileName, Boolean forceLoad)
   at PangIme.Maui.KeyBoardCustomView.<>c__DisplayClass87_0.<InitKeyboard>b__3(Object sender, ItemClickEventArgs args)
   at Android.Widget.AdapterView.IOnItemClickListenerImplementor.OnItemClick(AdapterView , View , Int32 , Int64 )
   at Android.Widget.AdapterView.IOnItemClickListenerInvoker.n_OnItemClick_Landroid_widget_AdapterView_Landroid_view_View_IJ(IntPtr jnienv, IntPtr native__this, IntPtr native_parent, IntPtr native_view, Int32 position, Int64 id)
   at Android.Runtime.DynamicMethodNameCounter.6(IntPtr , IntPtr , IntPtr , IntPtr , Int32 , Int64 )
  --- End of managed Java.Lang.IllegalArgumentException stack trace ---
java.lang.NumberFormatException: For input string: "cctm_color"
	at java.lang.Long.parseLong(Long.java:594)
	at android.graphics.Color.parseColor(Color.java:1386)
	at mono.android.widget.AdapterView_OnItemClickListenerImplementor.n_onItemClick(Native Method)
	at mono.android.widget.AdapterView_OnItemClickListenerImplementor.onItemClick(AdapterView_OnItemClickListenerImplementor.java:29)
	at android.widget.AdapterView.performItemClick(AdapterView.java:330)
	at android.widget.AbsListView.performItemClick(AbsListView.java:1397)
	at android.widget.AbsListView$PerformClick.run(AbsListView.java:3494)
	at android.widget.AbsListView$5.run(AbsListView.java:4543)
	at android.os.Handler.handleCallback(Handler.java:900)
	at android.os.Handler.dispatchMessage(Handler.java:103)
	at android.os.Looper.loop(Looper.java:219)
	at android.app.ActivityThread.main(ActivityThread.java:8673)
	at java.lang.reflect.Method.invoke(Native Method)
	at com.android.internal.os.RuntimeInit$MethodAndArgsCaller.run(RuntimeInit.java:513)
	at com.android.internal.os.ZygoteInit.main(ZygoteInit.java:1109)

------------------------------------------------------------------
------------------------------------------------------------------
2025-06-05 15:02:44
Message:ArgumentOutOfRange_IndexMustBeLess Arg_ParamName_Name, index
StackTrace:   at System.Collections.Generic.List`1[[PangIme.Maui.Common.CustomKeyboard, PangIme.Maui, Version=24.11.15.1721, Culture=neutral, PublicKeyToken=null]].get_Item(Int32 index)
   at PangIme.Maui.FloatCandiView.ChangeNightMode(Boolean isNightMode)
   at PangIme.Maui.InputService.ChangeNightMode(Boolean isNightMode)
   at PangIme.Maui.KeyBoardCustomView.CheckIsNightMode()
   at PangIme.Maui.InputService.OnStartInputView(EditorInfo info, Boolean restarting)
   at Android.InputMethodServices.InputMethodService.n_OnStartInputView_Landroid_view_inputmethod_EditorInfo_Z(IntPtr jnienv, IntPtr native__this, IntPtr native_editorInfo, Boolean restarting)
   at Android.Runtime.JNINativeWrapper.Wrap_JniMarshal_PPLZ_V(_JniMarshal_PPLZ_V callback, IntPtr jnienv, IntPtr klazz, IntPtr p0, Boolean p1)
------------------------------------------------------------------
------------------------------------------------------------------
2025-06-05 15:02:51
Message:ArgumentOutOfRange_IndexMustBeLess Arg_ParamName_Name, index
StackTrace:   at System.Collections.Generic.List`1[[PangIme.Maui.Common.CustomKeyboard, PangIme.Maui, Version=24.11.15.1721, Culture=neutral, PublicKeyToken=null]].get_Item(Int32 index)
   at PangIme.Maui.FloatCandiView.ChangeNightMode(Boolean isNightMode)
   at PangIme.Maui.InputService.ChangeNightMode(Boolean isNightMode)
   at PangIme.Maui.KeyBoardCustomView.CheckIsNightMode()
   at PangIme.Maui.InputService.OnStartInputView(EditorInfo info, Boolean restarting)
   at Android.InputMethodServices.InputMethodService.n_OnStartInputView_Landroid_view_inputmethod_EditorInfo_Z(IntPtr jnienv, IntPtr native__this, IntPtr native_editorInfo, Boolean restarting)
   at Android.Runtime.JNINativeWrapper.Wrap_JniMarshal_PPLZ_V(_JniMarshal_PPLZ_V callback, IntPtr jnienv, IntPtr klazz, IntPtr p0, Boolean p1)
------------------------------------------------------------------
------------------------------------------------------------------
2025-06-05 15:02:57
Message:ArgumentOutOfRange_IndexMustBeLess Arg_ParamName_Name, index
StackTrace:   at System.Collections.Generic.List`1[[PangIme.Maui.Common.CustomKeyboard, PangIme.Maui, Version=24.11.15.1721, Culture=neutral, PublicKeyToken=null]].get_Item(Int32 index)
   at PangIme.Maui.FloatCandiView.ChangeNightMode(Boolean isNightMode)
   at PangIme.Maui.InputService.ChangeNightMode(Boolean isNightMode)
   at PangIme.Maui.KeyBoardCustomView.CheckIsNightMode()
   at PangIme.Maui.InputService.OnStartInputView(EditorInfo info, Boolean restarting)
   at Android.InputMethodServices.InputMethodService.n_OnStartInputView_Landroid_view_inputmethod_EditorInfo_Z(IntPtr jnienv, IntPtr native__this, IntPtr native_editorInfo, Boolean restarting)
   at Android.Runtime.JNINativeWrapper.Wrap_JniMarshal_PPLZ_V(_JniMarshal_PPLZ_V callback, IntPtr jnienv, IntPtr klazz, IntPtr p0, Boolean p1)
------------------------------------------------------------------
------------------------------------------------------------------
2025-06-05 15:14:49
Message:For input string: "FFFFFFtm_color"
StackTrace:   at Java.Interop.JniEnvironment.StaticMethods.CallStaticIntMethod(JniObjectReference , JniMethodInfo , JniArgumentValue* )
   at Java.Interop.JniPeerMembers.JniStaticMethods.InvokeInt32Method(String , JniArgumentValue* )
   at Android.Graphics.ColorObject.ParseColor(String )
   at Android.Graphics.Color.ParseColor(String )
   at PangIme.ClassExtensions.RgbStringToColor(String color)
   at PangIme.ClassExtensions.RgbStringToColors(String color, Boolean candiColor, Boolean copyColor)
   at PangIme.Maui.Common.KeyboardLoader.ReadColorDefine()
   at PangIme.Maui.Common.KeyboardLoader.LoadKeyboards(Context context, String keyboardFileName, Boolean forceLoad)
   at PangIme.Maui.KeyBoardCustomView.<>c__DisplayClass87_0.<InitKeyboard>b__3(Object sender, ItemClickEventArgs args)
   at Android.Widget.AdapterView.IOnItemClickListenerImplementor.OnItemClick(AdapterView , View , Int32 , Int64 )
   at Android.Widget.AdapterView.IOnItemClickListenerInvoker.n_OnItemClick_Landroid_widget_AdapterView_Landroid_view_View_IJ(IntPtr jnienv, IntPtr native__this, IntPtr native_parent, IntPtr native_view, Int32 position, Int64 id)
   at Android.Runtime.DynamicMethodNameCounter.6(IntPtr , IntPtr , IntPtr , IntPtr , Int32 , Int64 )
  --- End of managed Java.Lang.IllegalArgumentException stack trace ---
java.lang.NumberFormatException: For input string: "FFFFFFtm_color"
	at java.lang.Long.parseLong(Long.java:594)
	at android.graphics.Color.parseColor(Color.java:1386)
	at mono.android.widget.AdapterView_OnItemClickListenerImplementor.n_onItemClick(Native Method)
	at mono.android.widget.AdapterView_OnItemClickListenerImplementor.onItemClick(AdapterView_OnItemClickListenerImplementor.java:29)
	at android.widget.AdapterView.performItemClick(AdapterView.java:330)
	at android.widget.AbsListView.performItemClick(AbsListView.java:1397)
	at android.widget.AbsListView$PerformClick.run(AbsListView.java:3494)
	at android.widget.AbsListView$5.run(AbsListView.java:4543)
	at android.os.Handler.handleCallback(Handler.java:900)
	at android.os.Handler.dispatchMessage(Handler.java:103)
	at android.os.Looper.loop(Looper.java:219)
	at android.app.ActivityThread.main(ActivityThread.java:8673)
	at java.lang.reflect.Method.invoke(Native Method)
	at com.android.internal.os.RuntimeInit$MethodAndArgsCaller.run(RuntimeInit.java:513)
	at com.android.internal.os.ZygoteInit.main(ZygoteInit.java:1109)

------------------------------------------------------------------
------------------------------------------------------------------
2025-06-05 15:15:22
Message:For input string: "tm_color"
StackTrace:   at Java.Interop.JniEnvironment.StaticMethods.CallStaticIntMethod(JniObjectReference , JniMethodInfo , JniArgumentValue* )
   at Java.Interop.JniPeerMembers.JniStaticMethods.InvokeInt32Method(String , JniArgumentValue* )
   at Android.Graphics.ColorObject.ParseColor(String )
   at Android.Graphics.Color.ParseColor(String )
   at PangIme.ClassExtensions.RgbStringToColor(String color)
   at PangIme.ClassExtensions.RgbStringToColors(String color, Boolean candiColor, Boolean copyColor)
   at PangIme.Maui.Common.KeyboardLoader.ReadColorDefine()
   at PangIme.Maui.Common.KeyboardLoader.LoadKeyboards(Context context, String keyboardFileName, Boolean forceLoad)
   at PangIme.Maui.KeyBoardCustomView.<>c__DisplayClass87_0.<InitKeyboard>b__3(Object sender, ItemClickEventArgs args)
   at Android.Widget.AdapterView.IOnItemClickListenerImplementor.OnItemClick(AdapterView , View , Int32 , Int64 )
   at Android.Widget.AdapterView.IOnItemClickListenerInvoker.n_OnItemClick_Landroid_widget_AdapterView_Landroid_view_View_IJ(IntPtr jnienv, IntPtr native__this, IntPtr native_parent, IntPtr native_view, Int32 position, Int64 id)
   at Android.Runtime.DynamicMethodNameCounter.6(IntPtr , IntPtr , IntPtr , IntPtr , Int32 , Int64 )
  --- End of managed Java.Lang.IllegalArgumentException stack trace ---
java.lang.NumberFormatException: For input string: "tm_color"
	at java.lang.Long.parseLong(Long.java:594)
	at android.graphics.Color.parseColor(Color.java:1386)
	at mono.android.widget.AdapterView_OnItemClickListenerImplementor.n_onItemClick(Native Method)
	at mono.android.widget.AdapterView_OnItemClickListenerImplementor.onItemClick(AdapterView_OnItemClickListenerImplementor.java:29)
	at android.widget.AdapterView.performItemClick(AdapterView.java:330)
	at android.widget.AbsListView.performItemClick(AbsListView.java:1397)
	at android.widget.AbsListView$PerformClick.run(AbsListView.java:3494)
	at android.widget.AbsListView$5.run(AbsListView.java:4543)
	at android.os.Handler.handleCallback(Handler.java:900)
	at android.os.Handler.dispatchMessage(Handler.java:103)
	at android.os.Looper.loop(Looper.java:219)
	at android.app.ActivityThread.main(ActivityThread.java:8673)
	at java.lang.reflect.Method.invoke(Native Method)
	at com.android.internal.os.RuntimeInit$MethodAndArgsCaller.run(RuntimeInit.java:513)
	at com.android.internal.os.ZygoteInit.main(ZygoteInit.java:1109)

------------------------------------------------------------------
------------------------------------------------------------------
2025-06-05 16:59:48
Message:no non-static method "Landroid/content/res/Configuration;.isNightModeActive()Z"
StackTrace:   at Java.Interop.JniEnvironment.InstanceMethods.GetMethodID(JniObjectReference , String , String )
   at Java.Interop.JniType.GetInstanceMethod(String , String )
   at Java.Interop.JniPeerMembers.JniInstanceMethods.GetMethodInfo(String , String )
   at Java.Interop.JniPeerMembers.JniInstanceMethods.GetMethodInfo(String )
   at Java.Interop.JniPeerMembers.JniInstanceMethods.InvokeAbstractBooleanMethod(String , IJavaPeerable , JniArgumentValue* )
   at Android.Content.Res.Configuration.get_IsNightModeActive()
   at PangIme.Maui.InputService.OnConfigurationChanged(Configuration newConfig)
   at Android.App.Service.n_OnConfigurationChanged_Landroid_content_res_Configuration_(IntPtr jnienv, IntPtr native__this, IntPtr native_newConfig)
   at Android.Runtime.JNINativeWrapper.Wrap_JniMarshal_PPL_V(_JniMarshal_PPL_V callback, IntPtr jnienv, IntPtr klazz, IntPtr p0)
  --- End of managed Java.Lang.LinkageError stack trace ---
java.lang.NoSuchMethodError: no non-static method "Landroid/content/res/Configuration;.isNightModeActive()Z"
	at PangIME.Android.InputService.n_onConfigurationChanged(Native Method)
	at PangIME.Android.InputService.onConfigurationChanged(InputService.java:98)
	at android.app.ActivityThread.performConfigurationChanged(ActivityThread.java:6416)
	at android.app.ActivityThread.handleConfigurationChanged(ActivityThread.java:6649)
	at android.app.ActivityThread.handleConfigurationChanged(ActivityThread.java:6555)
	at android.app.servertransaction.ConfigurationChangeItem.execute(ConfigurationChangeItem.java:42)
	at android.app.servertransaction.TransactionExecutor.executeCallbacks(TransactionExecutor.java:149)
	at android.app.servertransaction.TransactionExecutor.execute(TransactionExecutor.java:103)
	at android.app.ActivityThread$H.handleMessage(ActivityThread.java:2618)
	at android.os.Handler.dispatchMessage(Handler.java:110)
	at android.os.Looper.loop(Looper.java:219)
	at android.app.ActivityThread.main(ActivityThread.java:8673)
	at java.lang.reflect.Method.invoke(Native Method)
	at com.android.internal.os.RuntimeInit$MethodAndArgsCaller.run(RuntimeInit.java:513)
	at com.android.internal.os.ZygoteInit.main(ZygoteInit.java:1109)

------------------------------------------------------------------
------------------------------------------------------------------
2025-06-05 17:00:17
Message:no non-static method "Landroid/content/res/Configuration;.isNightModeActive()Z"
StackTrace:   at Java.Interop.JniEnvironment.InstanceMethods.GetMethodID(JniObjectReference , String , String )
   at Java.Interop.JniType.GetInstanceMethod(String , String )
   at Java.Interop.JniPeerMembers.JniInstanceMethods.GetMethodInfo(String , String )
   at Java.Interop.JniPeerMembers.JniInstanceMethods.GetMethodInfo(String )
   at Java.Interop.JniPeerMembers.JniInstanceMethods.InvokeAbstractBooleanMethod(String , IJavaPeerable , JniArgumentValue* )
   at Android.Content.Res.Configuration.get_IsNightModeActive()
   at PangIme.Maui.InputService.OnConfigurationChanged(Configuration newConfig)
   at Android.App.Service.n_OnConfigurationChanged_Landroid_content_res_Configuration_(IntPtr jnienv, IntPtr native__this, IntPtr native_newConfig)
   at Android.Runtime.JNINativeWrapper.Wrap_JniMarshal_PPL_V(_JniMarshal_PPL_V callback, IntPtr jnienv, IntPtr klazz, IntPtr p0)
  --- End of managed Java.Lang.LinkageError stack trace ---
java.lang.NoSuchMethodError: no non-static method "Landroid/content/res/Configuration;.isNightModeActive()Z"
	at PangIME.Android.InputService.n_onConfigurationChanged(Native Method)
	at PangIME.Android.InputService.onConfigurationChanged(InputService.java:98)
	at android.app.ActivityThread.performConfigurationChanged(ActivityThread.java:6416)
	at android.app.ActivityThread.handleConfigurationChanged(ActivityThread.java:6649)
	at android.app.ActivityThread.handleConfigurationChanged(ActivityThread.java:6555)
	at android.app.servertransaction.ConfigurationChangeItem.execute(ConfigurationChangeItem.java:42)
	at android.app.servertransaction.TransactionExecutor.executeCallbacks(TransactionExecutor.java:149)
	at android.app.servertransaction.TransactionExecutor.execute(TransactionExecutor.java:103)
	at android.app.ActivityThread$H.handleMessage(ActivityThread.java:2618)
	at android.os.Handler.dispatchMessage(Handler.java:110)
	at android.os.Looper.loop(Looper.java:219)
	at android.app.ActivityThread.main(ActivityThread.java:8673)
	at java.lang.reflect.Method.invoke(Native Method)
	at com.android.internal.os.RuntimeInit$MethodAndArgsCaller.run(RuntimeInit.java:513)
	at com.android.internal.os.ZygoteInit.main(ZygoteInit.java:1109)

------------------------------------------------------------------
------------------------------------------------------------------
2025-06-05 17:38:02
Message:no non-static method "Landroid/content/res/Configuration;.isNightModeActive()Z"
StackTrace:   at Java.Interop.JniEnvironment.InstanceMethods.GetMethodID(JniObjectReference , String , String )
   at Java.Interop.JniType.GetInstanceMethod(String , String )
   at Java.Interop.JniPeerMembers.JniInstanceMethods.GetMethodInfo(String , String )
   at Java.Interop.JniPeerMembers.JniInstanceMethods.GetMethodInfo(String )
   at Java.Interop.JniPeerMembers.JniInstanceMethods.InvokeAbstractBooleanMethod(String , IJavaPeerable , JniArgumentValue* )
   at Android.Content.Res.Configuration.get_IsNightModeActive()
   at PangIme.Maui.InputService.OnConfigurationChanged(Configuration newConfig)
   at Android.App.Service.n_OnConfigurationChanged_Landroid_content_res_Configuration_(IntPtr jnienv, IntPtr native__this, IntPtr native_newConfig)
   at Android.Runtime.JNINativeWrapper.Wrap_JniMarshal_PPL_V(_JniMarshal_PPL_V callback, IntPtr jnienv, IntPtr klazz, IntPtr p0)
  --- End of managed Java.Lang.LinkageError stack trace ---
java.lang.NoSuchMethodError: no non-static method "Landroid/content/res/Configuration;.isNightModeActive()Z"
	at PangIME.Android.InputService.n_onConfigurationChanged(Native Method)
	at PangIME.Android.InputService.onConfigurationChanged(InputService.java:98)
	at android.app.ActivityThread.performConfigurationChanged(ActivityThread.java:6416)
	at android.app.ActivityThread.handleConfigurationChanged(ActivityThread.java:6649)
	at android.app.ActivityThread.handleConfigurationChanged(ActivityThread.java:6555)
	at android.app.servertransaction.ConfigurationChangeItem.execute(ConfigurationChangeItem.java:42)
	at android.app.servertransaction.TransactionExecutor.executeCallbacks(TransactionExecutor.java:149)
	at android.app.servertransaction.TransactionExecutor.execute(TransactionExecutor.java:103)
	at android.app.ActivityThread$H.handleMessage(ActivityThread.java:2618)
	at android.os.Handler.dispatchMessage(Handler.java:110)
	at android.os.Looper.loop(Looper.java:219)
	at android.app.ActivityThread.main(ActivityThread.java:8673)
	at java.lang.reflect.Method.invoke(Native Method)
	at com.android.internal.os.RuntimeInit$MethodAndArgsCaller.run(RuntimeInit.java:513)
	at com.android.internal.os.ZygoteInit.main(ZygoteInit.java:1109)

------------------------------------------------------------------
------------------------------------------------------------------
2025-06-05 17:42:24
Message:no non-static method "Landroid/content/res/Configuration;.isNightModeActive()Z"
StackTrace:   at Java.Interop.JniEnvironment.InstanceMethods.GetMethodID(JniObjectReference , String , String )
   at Java.Interop.JniType.GetInstanceMethod(String , String )
   at Java.Interop.JniPeerMembers.JniInstanceMethods.GetMethodInfo(String , String )
   at Java.Interop.JniPeerMembers.JniInstanceMethods.GetMethodInfo(String )
   at Java.Interop.JniPeerMembers.JniInstanceMethods.InvokeAbstractBooleanMethod(String , IJavaPeerable , JniArgumentValue* )
   at Android.Content.Res.Configuration.get_IsNightModeActive()
   at PangIme.Maui.InputService.OnConfigurationChanged(Configuration newConfig)
   at Android.App.Service.n_OnConfigurationChanged_Landroid_content_res_Configuration_(IntPtr jnienv, IntPtr native__this, IntPtr native_newConfig)
   at Android.Runtime.JNINativeWrapper.Wrap_JniMarshal_PPL_V(_JniMarshal_PPL_V callback, IntPtr jnienv, IntPtr klazz, IntPtr p0)
  --- End of managed Java.Lang.LinkageError stack trace ---
java.lang.NoSuchMethodError: no non-static method "Landroid/content/res/Configuration;.isNightModeActive()Z"
	at PangIME.Android.InputService.n_onConfigurationChanged(Native Method)
	at PangIME.Android.InputService.onConfigurationChanged(InputService.java:98)
	at android.app.ActivityThread.performConfigurationChanged(ActivityThread.java:6416)
	at android.app.ActivityThread.handleConfigurationChanged(ActivityThread.java:6649)
	at android.app.ActivityThread.handleConfigurationChanged(ActivityThread.java:6555)
	at android.app.servertransaction.ConfigurationChangeItem.execute(ConfigurationChangeItem.java:42)
	at android.app.servertransaction.TransactionExecutor.executeCallbacks(TransactionExecutor.java:149)
	at android.app.servertransaction.TransactionExecutor.execute(TransactionExecutor.java:103)
	at android.app.ActivityThread$H.handleMessage(ActivityThread.java:2618)
	at android.os.Handler.dispatchMessage(Handler.java:110)
	at android.os.Looper.loop(Looper.java:219)
	at android.app.ActivityThread.main(ActivityThread.java:8673)
	at java.lang.reflect.Method.invoke(Native Method)
	at com.android.internal.os.RuntimeInit$MethodAndArgsCaller.run(RuntimeInit.java:513)
	at com.android.internal.os.ZygoteInit.main(ZygoteInit.java:1109)

------------------------------------------------------------------
------------------------------------------------------------------
2025-06-05 17:42:46
Message:no non-static method "Landroid/content/res/Configuration;.isNightModeActive()Z"
StackTrace:   at Java.Interop.JniEnvironment.InstanceMethods.GetMethodID(JniObjectReference , String , String )
   at Java.Interop.JniType.GetInstanceMethod(String , String )
   at Java.Interop.JniPeerMembers.JniInstanceMethods.GetMethodInfo(String , String )
   at Java.Interop.JniPeerMembers.JniInstanceMethods.GetMethodInfo(String )
   at Java.Interop.JniPeerMembers.JniInstanceMethods.InvokeAbstractBooleanMethod(String , IJavaPeerable , JniArgumentValue* )
   at Android.Content.Res.Configuration.get_IsNightModeActive()
   at PangIme.Maui.InputService.OnConfigurationChanged(Configuration newConfig)
   at Android.App.Service.n_OnConfigurationChanged_Landroid_content_res_Configuration_(IntPtr jnienv, IntPtr native__this, IntPtr native_newConfig)
   at Android.Runtime.JNINativeWrapper.Wrap_JniMarshal_PPL_V(_JniMarshal_PPL_V callback, IntPtr jnienv, IntPtr klazz, IntPtr p0)
  --- End of managed Java.Lang.LinkageError stack trace ---
java.lang.NoSuchMethodError: no non-static method "Landroid/content/res/Configuration;.isNightModeActive()Z"
	at PangIME.Android.InputService.n_onConfigurationChanged(Native Method)
	at PangIME.Android.InputService.onConfigurationChanged(InputService.java:98)
	at android.app.ActivityThread.performConfigurationChanged(ActivityThread.java:6416)
	at android.app.ActivityThread.handleConfigurationChanged(ActivityThread.java:6649)
	at android.app.ActivityThread.handleConfigurationChanged(ActivityThread.java:6555)
	at android.app.servertransaction.ConfigurationChangeItem.execute(ConfigurationChangeItem.java:42)
	at android.app.servertransaction.TransactionExecutor.executeCallbacks(TransactionExecutor.java:149)
	at android.app.servertransaction.TransactionExecutor.execute(TransactionExecutor.java:103)
	at android.app.ActivityThread$H.handleMessage(ActivityThread.java:2618)
	at android.os.Handler.dispatchMessage(Handler.java:110)
	at android.os.Looper.loop(Looper.java:219)
	at android.app.ActivityThread.main(ActivityThread.java:8673)
	at java.lang.reflect.Method.invoke(Native Method)
	at com.android.internal.os.RuntimeInit$MethodAndArgsCaller.run(RuntimeInit.java:513)
	at com.android.internal.os.ZygoteInit.main(ZygoteInit.java:1109)

------------------------------------------------------------------
------------------------------------------------------------------
2025-06-05 17:43:31
Message:no non-static method "Landroid/content/res/Configuration;.isNightModeActive()Z"
StackTrace:   at Java.Interop.JniEnvironment.InstanceMethods.GetMethodID(JniObjectReference , String , String )
   at Java.Interop.JniType.GetInstanceMethod(String , String )
   at Java.Interop.JniPeerMembers.JniInstanceMethods.GetMethodInfo(String , String )
   at Java.Interop.JniPeerMembers.JniInstanceMethods.GetMethodInfo(String )
   at Java.Interop.JniPeerMembers.JniInstanceMethods.InvokeAbstractBooleanMethod(String , IJavaPeerable , JniArgumentValue* )
   at Android.Content.Res.Configuration.get_IsNightModeActive()
   at PangIme.Maui.InputService.OnConfigurationChanged(Configuration newConfig)
   at Android.App.Service.n_OnConfigurationChanged_Landroid_content_res_Configuration_(IntPtr jnienv, IntPtr native__this, IntPtr native_newConfig)
   at Android.Runtime.JNINativeWrapper.Wrap_JniMarshal_PPL_V(_JniMarshal_PPL_V callback, IntPtr jnienv, IntPtr klazz, IntPtr p0)
  --- End of managed Java.Lang.LinkageError stack trace ---
java.lang.NoSuchMethodError: no non-static method "Landroid/content/res/Configuration;.isNightModeActive()Z"
	at PangIME.Android.InputService.n_onConfigurationChanged(Native Method)
	at PangIME.Android.InputService.onConfigurationChanged(InputService.java:98)
	at android.app.ActivityThread.performConfigurationChanged(ActivityThread.java:6416)
	at android.app.ActivityThread.handleConfigurationChanged(ActivityThread.java:6649)
	at android.app.ActivityThread.handleConfigurationChanged(ActivityThread.java:6555)
	at android.app.servertransaction.ConfigurationChangeItem.execute(ConfigurationChangeItem.java:42)
	at android.app.servertransaction.TransactionExecutor.executeCallbacks(TransactionExecutor.java:149)
	at android.app.servertransaction.TransactionExecutor.execute(TransactionExecutor.java:103)
	at android.app.ActivityThread$H.handleMessage(ActivityThread.java:2618)
	at android.os.Handler.dispatchMessage(Handler.java:110)
	at android.os.Looper.loop(Looper.java:219)
	at android.app.ActivityThread.main(ActivityThread.java:8673)
	at java.lang.reflect.Method.invoke(Native Method)
	at com.android.internal.os.RuntimeInit$MethodAndArgsCaller.run(RuntimeInit.java:513)
	at com.android.internal.os.ZygoteInit.main(ZygoteInit.java:1109)

------------------------------------------------------------------
------------------------------------------------------------------
2025-06-05 17:43:35
Message:no non-static method "Landroid/content/res/Configuration;.isNightModeActive()Z"
StackTrace:   at Java.Interop.JniEnvironment.InstanceMethods.GetMethodID(JniObjectReference , String , String )
   at Java.Interop.JniType.GetInstanceMethod(String , String )
   at Java.Interop.JniPeerMembers.JniInstanceMethods.GetMethodInfo(String , String )
   at Java.Interop.JniPeerMembers.JniInstanceMethods.GetMethodInfo(String )
   at Java.Interop.JniPeerMembers.JniInstanceMethods.InvokeAbstractBooleanMethod(String , IJavaPeerable , JniArgumentValue* )
   at Android.Content.Res.Configuration.get_IsNightModeActive()
   at PangIme.Maui.InputService.OnConfigurationChanged(Configuration newConfig)
   at Android.App.Service.n_OnConfigurationChanged_Landroid_content_res_Configuration_(IntPtr jnienv, IntPtr native__this, IntPtr native_newConfig)
   at Android.Runtime.JNINativeWrapper.Wrap_JniMarshal_PPL_V(_JniMarshal_PPL_V callback, IntPtr jnienv, IntPtr klazz, IntPtr p0)
  --- End of managed Java.Lang.LinkageError stack trace ---
java.lang.NoSuchMethodError: no non-static method "Landroid/content/res/Configuration;.isNightModeActive()Z"
	at PangIME.Android.InputService.n_onConfigurationChanged(Native Method)
	at PangIME.Android.InputService.onConfigurationChanged(InputService.java:98)
	at android.app.ActivityThread.performConfigurationChanged(ActivityThread.java:6416)
	at android.app.ActivityThread.handleConfigurationChanged(ActivityThread.java:6649)
	at android.app.ActivityThread.handleConfigurationChanged(ActivityThread.java:6555)
	at android.app.servertransaction.ConfigurationChangeItem.execute(ConfigurationChangeItem.java:42)
	at android.app.servertransaction.TransactionExecutor.executeCallbacks(TransactionExecutor.java:149)
	at android.app.servertransaction.TransactionExecutor.execute(TransactionExecutor.java:103)
	at android.app.ActivityThread$H.handleMessage(ActivityThread.java:2618)
	at android.os.Handler.dispatchMessage(Handler.java:110)
	at android.os.Looper.loop(Looper.java:219)
	at android.app.ActivityThread.main(ActivityThread.java:8673)
	at java.lang.reflect.Method.invoke(Native Method)
	at com.android.internal.os.RuntimeInit$MethodAndArgsCaller.run(RuntimeInit.java:513)
	at com.android.internal.os.ZygoteInit.main(ZygoteInit.java:1109)

------------------------------------------------------------------
------------------------------------------------------------------
2025-06-05 17:57:10
Message:no non-static method "Landroid/content/res/Configuration;.isNightModeActive()Z"
StackTrace:   at Java.Interop.JniEnvironment.InstanceMethods.GetMethodID(JniObjectReference , String , String )
   at Java.Interop.JniType.GetInstanceMethod(String , String )
   at Java.Interop.JniPeerMembers.JniInstanceMethods.GetMethodInfo(String , String )
   at Java.Interop.JniPeerMembers.JniInstanceMethods.GetMethodInfo(String )
   at Java.Interop.JniPeerMembers.JniInstanceMethods.InvokeAbstractBooleanMethod(String , IJavaPeerable , JniArgumentValue* )
   at Android.Content.Res.Configuration.get_IsNightModeActive()
   at PangIme.Maui.InputService.OnConfigurationChanged(Configuration newConfig)
   at Android.App.Service.n_OnConfigurationChanged_Landroid_content_res_Configuration_(IntPtr jnienv, IntPtr native__this, IntPtr native_newConfig)
   at Android.Runtime.JNINativeWrapper.Wrap_JniMarshal_PPL_V(_JniMarshal_PPL_V callback, IntPtr jnienv, IntPtr klazz, IntPtr p0)
  --- End of managed Java.Lang.LinkageError stack trace ---
java.lang.NoSuchMethodError: no non-static method "Landroid/content/res/Configuration;.isNightModeActive()Z"
	at PangIME.Android.InputService.n_onConfigurationChanged(Native Method)
	at PangIME.Android.InputService.onConfigurationChanged(InputService.java:98)
	at android.app.ActivityThread.performConfigurationChanged(ActivityThread.java:6416)
	at android.app.ActivityThread.handleConfigurationChanged(ActivityThread.java:6649)
	at android.app.ActivityThread.handleConfigurationChanged(ActivityThread.java:6555)
	at android.app.servertransaction.ConfigurationChangeItem.execute(ConfigurationChangeItem.java:42)
	at android.app.servertransaction.TransactionExecutor.executeCallbacks(TransactionExecutor.java:149)
	at android.app.servertransaction.TransactionExecutor.execute(TransactionExecutor.java:103)
	at android.app.ActivityThread$H.handleMessage(ActivityThread.java:2618)
	at android.os.Handler.dispatchMessage(Handler.java:110)
	at android.os.Looper.loop(Looper.java:219)
	at android.app.ActivityThread.main(ActivityThread.java:8673)
	at java.lang.reflect.Method.invoke(Native Method)
	at com.android.internal.os.RuntimeInit$MethodAndArgsCaller.run(RuntimeInit.java:513)
	at com.android.internal.os.ZygoteInit.main(ZygoteInit.java:1109)

------------------------------------------------------------------
------------------------------------------------------------------
2025-06-05 17:59:28
Message:no non-static method "Landroid/content/res/Configuration;.isNightModeActive()Z"
StackTrace:   at Java.Interop.JniEnvironment.InstanceMethods.GetMethodID(JniObjectReference , String , String )
   at Java.Interop.JniType.GetInstanceMethod(String , String )
   at Java.Interop.JniPeerMembers.JniInstanceMethods.GetMethodInfo(String , String )
   at Java.Interop.JniPeerMembers.JniInstanceMethods.GetMethodInfo(String )
   at Java.Interop.JniPeerMembers.JniInstanceMethods.InvokeAbstractBooleanMethod(String , IJavaPeerable , JniArgumentValue* )
   at Android.Content.Res.Configuration.get_IsNightModeActive()
   at PangIme.Maui.InputService.OnConfigurationChanged(Configuration newConfig)
   at Android.App.Service.n_OnConfigurationChanged_Landroid_content_res_Configuration_(IntPtr jnienv, IntPtr native__this, IntPtr native_newConfig)
   at Android.Runtime.JNINativeWrapper.Wrap_JniMarshal_PPL_V(_JniMarshal_PPL_V callback, IntPtr jnienv, IntPtr klazz, IntPtr p0)
  --- End of managed Java.Lang.LinkageError stack trace ---
java.lang.NoSuchMethodError: no non-static method "Landroid/content/res/Configuration;.isNightModeActive()Z"
	at PangIME.Android.InputService.n_onConfigurationChanged(Native Method)
	at PangIME.Android.InputService.onConfigurationChanged(InputService.java:98)
	at android.app.ActivityThread.performConfigurationChanged(ActivityThread.java:6416)
	at android.app.ActivityThread.handleConfigurationChanged(ActivityThread.java:6649)
	at android.app.ActivityThread.handleConfigurationChanged(ActivityThread.java:6555)
	at android.app.servertransaction.ConfigurationChangeItem.execute(ConfigurationChangeItem.java:42)
	at android.app.servertransaction.TransactionExecutor.executeCallbacks(TransactionExecutor.java:149)
	at android.app.servertransaction.TransactionExecutor.execute(TransactionExecutor.java:103)
	at android.app.ActivityThread$H.handleMessage(ActivityThread.java:2618)
	at android.os.Handler.dispatchMessage(Handler.java:110)
	at android.os.Looper.loop(Looper.java:219)
	at android.app.ActivityThread.main(ActivityThread.java:8673)
	at java.lang.reflect.Method.invoke(Native Method)
	at com.android.internal.os.RuntimeInit$MethodAndArgsCaller.run(RuntimeInit.java:513)
	at com.android.internal.os.ZygoteInit.main(ZygoteInit.java:1109)

------------------------------------------------------------------
------------------------------------------------------------------
2025-06-05 18:08:48
Message:no non-static method "Landroid/content/res/Configuration;.isNightModeActive()Z"
StackTrace:   at Java.Interop.JniEnvironment.InstanceMethods.GetMethodID(JniObjectReference , String , String )
   at Java.Interop.JniType.GetInstanceMethod(String , String )
   at Java.Interop.JniPeerMembers.JniInstanceMethods.GetMethodInfo(String , String )
   at Java.Interop.JniPeerMembers.JniInstanceMethods.GetMethodInfo(String )
   at Java.Interop.JniPeerMembers.JniInstanceMethods.InvokeAbstractBooleanMethod(String , IJavaPeerable , JniArgumentValue* )
   at Android.Content.Res.Configuration.get_IsNightModeActive()
   at PangIme.Maui.InputService.OnConfigurationChanged(Configuration newConfig)
   at Android.App.Service.n_OnConfigurationChanged_Landroid_content_res_Configuration_(IntPtr jnienv, IntPtr native__this, IntPtr native_newConfig)
   at Android.Runtime.JNINativeWrapper.Wrap_JniMarshal_PPL_V(_JniMarshal_PPL_V callback, IntPtr jnienv, IntPtr klazz, IntPtr p0)
  --- End of managed Java.Lang.LinkageError stack trace ---
java.lang.NoSuchMethodError: no non-static method "Landroid/content/res/Configuration;.isNightModeActive()Z"
	at PangIME.Android.InputService.n_onConfigurationChanged(Native Method)
	at PangIME.Android.InputService.onConfigurationChanged(InputService.java:98)
	at android.app.ActivityThread.performConfigurationChanged(ActivityThread.java:6416)
	at android.app.ActivityThread.handleConfigurationChanged(ActivityThread.java:6649)
	at android.app.ActivityThread.handleConfigurationChanged(ActivityThread.java:6555)
	at android.app.servertransaction.ConfigurationChangeItem.execute(ConfigurationChangeItem.java:42)
	at android.app.servertransaction.TransactionExecutor.executeCallbacks(TransactionExecutor.java:149)
	at android.app.servertransaction.TransactionExecutor.execute(TransactionExecutor.java:103)
	at android.app.ActivityThread$H.handleMessage(ActivityThread.java:2618)
	at android.os.Handler.dispatchMessage(Handler.java:110)
	at android.os.Looper.loop(Looper.java:219)
	at android.app.ActivityThread.main(ActivityThread.java:8673)
	at java.lang.reflect.Method.invoke(Native Method)
	at com.android.internal.os.RuntimeInit$MethodAndArgsCaller.run(RuntimeInit.java:513)
	at com.android.internal.os.ZygoteInit.main(ZygoteInit.java:1109)

------------------------------------------------------------------
------------------------------------------------------------------
2025-06-05 18:43:49
Message:no non-static method "Landroid/content/res/Configuration;.isNightModeActive()Z"
StackTrace:   at Java.Interop.JniEnvironment.InstanceMethods.GetMethodID(JniObjectReference , String , String )
   at Java.Interop.JniType.GetInstanceMethod(String , String )
   at Java.Interop.JniPeerMembers.JniInstanceMethods.GetMethodInfo(String , String )
   at Java.Interop.JniPeerMembers.JniInstanceMethods.GetMethodInfo(String )
   at Java.Interop.JniPeerMembers.JniInstanceMethods.InvokeAbstractBooleanMethod(String , IJavaPeerable , JniArgumentValue* )
   at Android.Content.Res.Configuration.get_IsNightModeActive()
   at PangIme.Maui.InputService.OnConfigurationChanged(Configuration newConfig)
   at Android.App.Service.n_OnConfigurationChanged_Landroid_content_res_Configuration_(IntPtr jnienv, IntPtr native__this, IntPtr native_newConfig)
   at Android.Runtime.JNINativeWrapper.Wrap_JniMarshal_PPL_V(_JniMarshal_PPL_V callback, IntPtr jnienv, IntPtr klazz, IntPtr p0)
  --- End of managed Java.Lang.LinkageError stack trace ---
java.lang.NoSuchMethodError: no non-static method "Landroid/content/res/Configuration;.isNightModeActive()Z"
	at PangIME.Android.InputService.n_onConfigurationChanged(Native Method)
	at PangIME.Android.InputService.onConfigurationChanged(InputService.java:98)
	at android.app.ActivityThread.performConfigurationChanged(ActivityThread.java:6416)
	at android.app.ActivityThread.handleConfigurationChanged(ActivityThread.java:6649)
	at android.app.ActivityThread.handleConfigurationChanged(ActivityThread.java:6555)
	at android.app.servertransaction.ConfigurationChangeItem.execute(ConfigurationChangeItem.java:42)
	at android.app.servertransaction.TransactionExecutor.executeCallbacks(TransactionExecutor.java:149)
	at android.app.servertransaction.TransactionExecutor.execute(TransactionExecutor.java:103)
	at android.app.ActivityThread$H.handleMessage(ActivityThread.java:2618)
	at android.os.Handler.dispatchMessage(Handler.java:110)
	at android.os.Looper.loop(Looper.java:219)
	at android.app.ActivityThread.main(ActivityThread.java:8673)
	at java.lang.reflect.Method.invoke(Native Method)
	at com.android.internal.os.RuntimeInit$MethodAndArgsCaller.run(RuntimeInit.java:513)
	at com.android.internal.os.ZygoteInit.main(ZygoteInit.java:1109)

------------------------------------------------------------------
------------------------------------------------------------------
2025-06-05 18:45:33
Message:no non-static method "Landroid/content/res/Configuration;.isNightModeActive()Z"
StackTrace:   at Java.Interop.JniEnvironment.InstanceMethods.GetMethodID(JniObjectReference , String , String )
   at Java.Interop.JniType.GetInstanceMethod(String , String )
   at Java.Interop.JniPeerMembers.JniInstanceMethods.GetMethodInfo(String , String )
   at Java.Interop.JniPeerMembers.JniInstanceMethods.GetMethodInfo(String )
   at Java.Interop.JniPeerMembers.JniInstanceMethods.InvokeAbstractBooleanMethod(String , IJavaPeerable , JniArgumentValue* )
   at Android.Content.Res.Configuration.get_IsNightModeActive()
   at PangIme.Maui.InputService.OnConfigurationChanged(Configuration newConfig)
   at Android.App.Service.n_OnConfigurationChanged_Landroid_content_res_Configuration_(IntPtr jnienv, IntPtr native__this, IntPtr native_newConfig)
   at Android.Runtime.JNINativeWrapper.Wrap_JniMarshal_PPL_V(_JniMarshal_PPL_V callback, IntPtr jnienv, IntPtr klazz, IntPtr p0)
  --- End of managed Java.Lang.LinkageError stack trace ---
java.lang.NoSuchMethodError: no non-static method "Landroid/content/res/Configuration;.isNightModeActive()Z"
	at PangIME.Android.InputService.n_onConfigurationChanged(Native Method)
	at PangIME.Android.InputService.onConfigurationChanged(InputService.java:98)
	at android.app.ActivityThread.performConfigurationChanged(ActivityThread.java:6416)
	at android.app.ActivityThread.handleConfigurationChanged(ActivityThread.java:6649)
	at android.app.ActivityThread.handleConfigurationChanged(ActivityThread.java:6555)
	at android.app.servertransaction.ConfigurationChangeItem.execute(ConfigurationChangeItem.java:42)
	at android.app.servertransaction.TransactionExecutor.executeCallbacks(TransactionExecutor.java:149)
	at android.app.servertransaction.TransactionExecutor.execute(TransactionExecutor.java:103)
	at android.app.ActivityThread$H.handleMessage(ActivityThread.java:2618)
	at android.os.Handler.dispatchMessage(Handler.java:110)
	at android.os.Looper.loop(Looper.java:219)
	at android.app.ActivityThread.main(ActivityThread.java:8673)
	at java.lang.reflect.Method.invoke(Native Method)
	at com.android.internal.os.RuntimeInit$MethodAndArgsCaller.run(RuntimeInit.java:513)
	at com.android.internal.os.ZygoteInit.main(ZygoteInit.java:1109)

------------------------------------------------------------------
------------------------------------------------------------------
2025-06-05 18:45:36
Message:no non-static method "Landroid/content/res/Configuration;.isNightModeActive()Z"
StackTrace:   at Java.Interop.JniEnvironment.InstanceMethods.GetMethodID(JniObjectReference , String , String )
   at Java.Interop.JniType.GetInstanceMethod(String , String )
   at Java.Interop.JniPeerMembers.JniInstanceMethods.GetMethodInfo(String , String )
   at Java.Interop.JniPeerMembers.JniInstanceMethods.GetMethodInfo(String )
   at Java.Interop.JniPeerMembers.JniInstanceMethods.InvokeAbstractBooleanMethod(String , IJavaPeerable , JniArgumentValue* )
   at Android.Content.Res.Configuration.get_IsNightModeActive()
   at PangIme.Maui.InputService.OnConfigurationChanged(Configuration newConfig)
   at Android.App.Service.n_OnConfigurationChanged_Landroid_content_res_Configuration_(IntPtr jnienv, IntPtr native__this, IntPtr native_newConfig)
   at Android.Runtime.JNINativeWrapper.Wrap_JniMarshal_PPL_V(_JniMarshal_PPL_V callback, IntPtr jnienv, IntPtr klazz, IntPtr p0)
  --- End of managed Java.Lang.LinkageError stack trace ---
java.lang.NoSuchMethodError: no non-static method "Landroid/content/res/Configuration;.isNightModeActive()Z"
	at PangIME.Android.InputService.n_onConfigurationChanged(Native Method)
	at PangIME.Android.InputService.onConfigurationChanged(InputService.java:98)
	at android.app.ActivityThread.performConfigurationChanged(ActivityThread.java:6416)
	at android.app.ActivityThread.handleConfigurationChanged(ActivityThread.java:6649)
	at android.app.ActivityThread.handleConfigurationChanged(ActivityThread.java:6555)
	at android.app.servertransaction.ConfigurationChangeItem.execute(ConfigurationChangeItem.java:42)
	at android.app.servertransaction.TransactionExecutor.executeCallbacks(TransactionExecutor.java:149)
	at android.app.servertransaction.TransactionExecutor.execute(TransactionExecutor.java:103)
	at android.app.ActivityThread$H.handleMessage(ActivityThread.java:2618)
	at android.os.Handler.dispatchMessage(Handler.java:110)
	at android.os.Looper.loop(Looper.java:219)
	at android.app.ActivityThread.main(ActivityThread.java:8673)
	at java.lang.reflect.Method.invoke(Native Method)
	at com.android.internal.os.RuntimeInit$MethodAndArgsCaller.run(RuntimeInit.java:513)
	at com.android.internal.os.ZygoteInit.main(ZygoteInit.java:1109)

------------------------------------------------------------------
------------------------------------------------------------------
2025-06-05 18:51:58
Message:no non-static method "Landroid/content/res/Configuration;.isNightModeActive()Z"
StackTrace:   at Java.Interop.JniEnvironment.InstanceMethods.GetMethodID(JniObjectReference , String , String )
   at Java.Interop.JniType.GetInstanceMethod(String , String )
   at Java.Interop.JniPeerMembers.JniInstanceMethods.GetMethodInfo(String , String )
   at Java.Interop.JniPeerMembers.JniInstanceMethods.GetMethodInfo(String )
   at Java.Interop.JniPeerMembers.JniInstanceMethods.InvokeAbstractBooleanMethod(String , IJavaPeerable , JniArgumentValue* )
   at Android.Content.Res.Configuration.get_IsNightModeActive()
   at PangIme.Maui.InputService.OnConfigurationChanged(Configuration newConfig)
   at Android.App.Service.n_OnConfigurationChanged_Landroid_content_res_Configuration_(IntPtr jnienv, IntPtr native__this, IntPtr native_newConfig)
   at Android.Runtime.JNINativeWrapper.Wrap_JniMarshal_PPL_V(_JniMarshal_PPL_V callback, IntPtr jnienv, IntPtr klazz, IntPtr p0)
  --- End of managed Java.Lang.LinkageError stack trace ---
java.lang.NoSuchMethodError: no non-static method "Landroid/content/res/Configuration;.isNightModeActive()Z"
	at PangIME.Android.InputService.n_onConfigurationChanged(Native Method)
	at PangIME.Android.InputService.onConfigurationChanged(InputService.java:98)
	at android.app.ActivityThread.performConfigurationChanged(ActivityThread.java:6416)
	at android.app.ActivityThread.handleConfigurationChanged(ActivityThread.java:6649)
	at android.app.ActivityThread.handleConfigurationChanged(ActivityThread.java:6555)
	at android.app.servertransaction.ConfigurationChangeItem.execute(ConfigurationChangeItem.java:42)
	at android.app.servertransaction.TransactionExecutor.executeCallbacks(TransactionExecutor.java:149)
	at android.app.servertransaction.TransactionExecutor.execute(TransactionExecutor.java:103)
	at android.app.ActivityThread$H.handleMessage(ActivityThread.java:2618)
	at android.os.Handler.dispatchMessage(Handler.java:110)
	at android.os.Looper.loop(Looper.java:219)
	at android.app.ActivityThread.main(ActivityThread.java:8673)
	at java.lang.reflect.Method.invoke(Native Method)
	at com.android.internal.os.RuntimeInit$MethodAndArgsCaller.run(RuntimeInit.java:513)
	at com.android.internal.os.ZygoteInit.main(ZygoteInit.java:1109)

------------------------------------------------------------------
